[2025-10-15 04:07:26] ============================================================
[2025-10-15 04:07:26] ENTERPRISE SCANNER - SIMPLE PRODUCTION DEPLOYMENT
[2025-10-15 04:07:26] ============================================================
[2025-10-15 04:07:26] Step 1: Creating simplified production environment...
[2025-10-15 04:07:26] Created simplified production environment: C:\Users\schro\OneDrive\Desktop\BugBountyScanner\workspace\.env.production.simple
[2025-10-15 04:07:26] Step 2: Verifying production database...
[2025-10-15 04:07:26] Production database verified: C:\Users\schro\OneDrive\Desktop\BugBountyScanner\workspace\enterprise_scanner_production.db (106496 bytes)
[2025-10-15 04:07:26] Step 3: Testing Flask application...
[2025-10-15 04:07:26] Flask application imports successfully
[2025-10-15 04:07:26] Step 4: Creating production start script...
[2025-10-15 04:07:26] Created production start script: C:\Users\schro\OneDrive\Desktop\BugBountyScanner\workspace\start_production.py
[2025-10-15 04:07:26] Step 5: Final deployment verification...
[2025-10-15 04:07:26] 
[2025-10-15 04:07:26] 🎉 SIMPLE PRODUCTION DEPLOYMENT COMPLETE!
[2025-10-15 04:07:26] 
[2025-10-15 04:07:26] DEPLOYMENT SUMMARY:
[2025-10-15 04:07:26] • Environment: C:\Users\schro\OneDrive\Desktop\BugBountyScanner\workspace\.env.production.simple
[2025-10-15 04:07:26] • Start Script: C:\Users\schro\OneDrive\Desktop\BugBountyScanner\workspace\start_production.py
[2025-10-15 04:07:26] • Database: enterprise_scanner_production.db
[2025-10-15 04:07:26] • Security: Enabled (simplified)
[2025-10-15 04:07:26] • Features: CRM Dashboard, Fortune 500 Data, Lead Management
[2025-10-15 04:07:26] 
[2025-10-15 04:07:26] TO START ENTERPRISE SCANNER:
[2025-10-15 04:07:26] python start_production.py
[2025-10-15 04:07:26] 
[2025-10-15 04:07:26] ACCESS POINTS:
[2025-10-15 04:07:26] • Main Application: http://localhost:5000
[2025-10-15 04:07:26] • CRM Dashboard: http://localhost:5000/crm-dashboard.html
[2025-10-15 04:07:26] • API Documentation: http://localhost:5000/api-documentation.html
[2025-10-15 04:07:26] 
[2025-10-15 04:07:26] NEXT STEPS:
[2025-10-15 04:07:26] 1. Configure domain DNS to point to server IP
[2025-10-15 04:07:26] 2. Set up SSL certificates for HTTPS
[2025-10-15 04:07:26] 3. Configure Google Workspace email integration
[2025-10-15 04:07:26] 4. Deploy to production server (e.g., AWS, DigitalOcean)
[2025-10-15 04:07:26] 
